<?xml version="1.0" encoding="UTF-8"?>
<testsuite xmlns:xsi="http://www.w3.org/2001/XMLSchema-instance" xsi:noNamespaceSchemaLocation="https://maven.apache.org/surefire/maven-surefire-plugin/xsd/surefire-test-report-3.0.xsd" version="3.0" name="com.rsa.test.SchemeTest" time="0.131" tests="8" errors="0" skipped="0" failures="0">
  <properties>
[...]
</properties>
  <testcase name="thresholdTooHigh" classname="com.rsa.test.SchemeTest" time="0.074"/>
  <testcase name="tooManyShares" classname="com.rsa.test.SchemeTest" time="0.002"/>
  <testcase name="hasProperties" classname="com.rsa.test.SchemeTest" time="0.003"/>
  <testcase name="joinIrregularParts" classname="com.rsa.test.SchemeTest" time="0.018"/>
  <testcase name="splitAndJoinSingleByteSecret" classname="com.rsa.test.SchemeTest" time="0.01">
    <system-out><![CDATA[Writing public key and private key shards to text files...
Creating the RSA key pair with a Private Key broken into 5 shards and encrypting plain text...
Decrypting the cypher text back into the plain text using the reassembled Private Key...
]]></system-out>
  </testcase>
  <testcase name="splitAndJoinMoreThanByteMaxValueParts" classname="com.rsa.test.SchemeTest" time="0.008">
    <system-out><![CDATA[Writing public key and private key shards to text files...
Creating the RSA key pair with a Private Key broken into 5 shards and encrypting plain text...
Decrypting the cypher text back into the plain text using the reassembled Private Key...
]]></system-out>
  </testcase>
  <testcase name="thresholdTooLow" classname="com.rsa.test.SchemeTest" time="0.001"/>
  <testcase name="joinEmptyParts" classname="com.rsa.test.SchemeTest" time="0"/>
</testsuite>